[2025-08-14 05:25:30Z INFO HostContext] Configuring anonymous proxy http://10.10.50.218:3128 for all HTTP requests.
[2025-08-14 05:25:30Z INFO HostContext] Configuring anonymous proxy http://0.10.50.218:3128 for all HTTPS requests.
[2025-08-14 05:25:30Z INFO HostContext] Well known directory 'Bin': 'E:\Ostad\Projects\Test CICD\actions-runner\bin'
[2025-08-14 05:25:30Z INFO HostContext] Well known directory 'Root': 'E:\Ostad\Projects\Test CICD\actions-runner'
[2025-08-14 05:25:30Z INFO HostContext] Well known config file 'Credentials': 'E:\Ostad\Projects\Test CICD\actions-runner\.credentials'
[2025-08-14 05:25:30Z INFO HostContext] Well known directory 'Bin': 'E:\Ostad\Projects\Test CICD\actions-runner\bin'
[2025-08-14 05:25:30Z INFO HostContext] Well known directory 'Root': 'E:\Ostad\Projects\Test CICD\actions-runner'
[2025-08-14 05:25:30Z INFO HostContext] Well known config file 'Runner': 'E:\Ostad\Projects\Test CICD\actions-runner\.runner'
[2025-08-14 05:25:30Z INFO Listener] Runner is built for Windows (X64) - win-x64.
[2025-08-14 05:25:30Z INFO Listener] RuntimeInformation: Microsoft Windows 10.0.19045.
[2025-08-14 05:25:30Z INFO Listener] Version: 2.327.1
[2025-08-14 05:25:30Z INFO Listener] Commit: 9513afd82fbc900d13362cdd4fcdab0538f5124e
[2025-08-14 05:25:30Z INFO Listener] Culture: en-US
[2025-08-14 05:25:30Z INFO Listener] UI Culture: en-US
[2025-08-14 05:25:30Z INFO HostContext] Well known directory 'Bin': 'E:\Ostad\Projects\Test CICD\actions-runner\bin'
[2025-08-14 05:25:30Z INFO HostContext] Well known directory 'Root': 'E:\Ostad\Projects\Test CICD\actions-runner'
[2025-08-14 05:25:30Z INFO Listener] Validating directory permissions for: 'E:\Ostad\Projects\Test CICD\actions-runner'
[2025-08-14 05:25:30Z INFO CommandLineParser] Parse
[2025-08-14 05:25:30Z INFO CommandLineParser] Parsing 1 args
[2025-08-14 05:25:30Z INFO CommandLineParser] parsing argument
[2025-08-14 05:25:30Z INFO CommandLineParser] HasArgs: False
[2025-08-14 05:25:30Z INFO CommandLineParser] Adding Command: run
[2025-08-14 05:25:30Z INFO Listener] Arguments parsed
[2025-08-14 05:25:30Z INFO Runner] ExecuteCommand
[2025-08-14 05:25:30Z INFO ConfigurationStore] currentAssemblyLocation: E:\Ostad\Projects\Test CICD\actions-runner\bin\Runner.Listener.dll
[2025-08-14 05:25:30Z INFO HostContext] Well known directory 'Bin': 'E:\Ostad\Projects\Test CICD\actions-runner\bin'
[2025-08-14 05:25:30Z INFO ConfigurationStore] binPath: E:\Ostad\Projects\Test CICD\actions-runner\bin
[2025-08-14 05:25:30Z INFO HostContext] Well known directory 'Bin': 'E:\Ostad\Projects\Test CICD\actions-runner\bin'
[2025-08-14 05:25:30Z INFO HostContext] Well known directory 'Root': 'E:\Ostad\Projects\Test CICD\actions-runner'
[2025-08-14 05:25:30Z INFO ConfigurationStore] RootFolder: E:\Ostad\Projects\Test CICD\actions-runner
[2025-08-14 05:25:30Z INFO HostContext] Well known directory 'Bin': 'E:\Ostad\Projects\Test CICD\actions-runner\bin'
[2025-08-14 05:25:30Z INFO HostContext] Well known directory 'Root': 'E:\Ostad\Projects\Test CICD\actions-runner'
[2025-08-14 05:25:30Z INFO HostContext] Well known config file 'Runner': 'E:\Ostad\Projects\Test CICD\actions-runner\.runner'
[2025-08-14 05:25:30Z INFO ConfigurationStore] ConfigFilePath: E:\Ostad\Projects\Test CICD\actions-runner\.runner
[2025-08-14 05:25:30Z INFO HostContext] Well known directory 'Bin': 'E:\Ostad\Projects\Test CICD\actions-runner\bin'
[2025-08-14 05:25:30Z INFO HostContext] Well known directory 'Root': 'E:\Ostad\Projects\Test CICD\actions-runner'
[2025-08-14 05:25:30Z INFO HostContext] Well known config file 'MigratedRunner': 'E:\Ostad\Projects\Test CICD\actions-runner\.runner_migrated'
[2025-08-14 05:25:30Z INFO ConfigurationStore] MigratedConfigFilePath: E:\Ostad\Projects\Test CICD\actions-runner\.runner_migrated
[2025-08-14 05:25:30Z INFO HostContext] Well known directory 'Bin': 'E:\Ostad\Projects\Test CICD\actions-runner\bin'
[2025-08-14 05:25:30Z INFO HostContext] Well known directory 'Root': 'E:\Ostad\Projects\Test CICD\actions-runner'
[2025-08-14 05:25:30Z INFO HostContext] Well known config file 'Credentials': 'E:\Ostad\Projects\Test CICD\actions-runner\.credentials'
[2025-08-14 05:25:30Z INFO ConfigurationStore] CredFilePath: E:\Ostad\Projects\Test CICD\actions-runner\.credentials
[2025-08-14 05:25:30Z INFO HostContext] Well known directory 'Bin': 'E:\Ostad\Projects\Test CICD\actions-runner\bin'
[2025-08-14 05:25:30Z INFO HostContext] Well known directory 'Root': 'E:\Ostad\Projects\Test CICD\actions-runner'
[2025-08-14 05:25:30Z INFO HostContext] Well known config file 'MigratedCredentials': 'E:\Ostad\Projects\Test CICD\actions-runner\.credentials_migrated'
[2025-08-14 05:25:30Z INFO ConfigurationStore] MigratedCredFilePath: E:\Ostad\Projects\Test CICD\actions-runner\.credentials_migrated
[2025-08-14 05:25:30Z INFO HostContext] Well known directory 'Bin': 'E:\Ostad\Projects\Test CICD\actions-runner\bin'
[2025-08-14 05:25:30Z INFO HostContext] Well known directory 'Root': 'E:\Ostad\Projects\Test CICD\actions-runner'
[2025-08-14 05:25:30Z INFO HostContext] Well known config file 'Service': 'E:\Ostad\Projects\Test CICD\actions-runner\.service'
[2025-08-14 05:25:30Z INFO ConfigurationStore] ServiceConfigFilePath: E:\Ostad\Projects\Test CICD\actions-runner\.service
[2025-08-14 05:25:30Z INFO CommandSettings] Flag 'help': 'False'
[2025-08-14 05:25:30Z INFO CommandSettings] Flag 'version': 'False'
[2025-08-14 05:25:30Z INFO CommandSettings] Flag 'commit': 'False'
[2025-08-14 05:25:30Z INFO CommandSettings] Flag 'check': 'False'
[2025-08-14 05:25:30Z INFO CommandSettings] Command 'configure': 'False'
[2025-08-14 05:25:30Z INFO CommandSettings] Command 'remove': 'False'
[2025-08-14 05:25:30Z INFO CommandSettings] Command 'warmup': 'False'
[2025-08-14 05:25:30Z INFO ConfigurationManager] LoadSettings
[2025-08-14 05:25:30Z INFO ConfigurationStore] IsConfigured()
[2025-08-14 05:25:30Z INFO ConfigurationStore] IsConfigured: True
[2025-08-14 05:25:30Z INFO ConfigurationManager] Is configured: True
[2025-08-14 05:25:30Z INFO ConfigurationStore] Read setting file: 388 chars
[2025-08-14 05:25:30Z INFO ConfigurationManager] Settings Loaded
[2025-08-14 05:25:30Z INFO ConfigurationStore] IsServiceConfigured()
[2025-08-14 05:25:30Z INFO ConfigurationStore] IsServiceConfigured: True
[2025-08-14 05:25:30Z INFO CommandSettings] Command 'run': 'True'
[2025-08-14 05:25:30Z INFO ConfigurationStore] IsConfigured()
[2025-08-14 05:25:30Z INFO ConfigurationStore] IsConfigured: True
[2025-08-14 05:25:30Z INFO ConfigurationManager] Is configured: True
[2025-08-14 05:25:30Z INFO Runner] Try determine runner startup type base on console redirects.
[2025-08-14 05:25:30Z INFO Runner] Set runner startup type - Manual
[2025-08-14 05:25:30Z INFO CommandSettings] Flag 'once': 'False'
[2025-08-14 05:25:30Z INFO CommandSettings] Flag 'once': 'False'
[2025-08-14 05:25:30Z INFO Runner] RunAsync
[2025-08-14 05:25:30Z INFO ConfigurationManager] LoadMigratedSettings
[2025-08-14 05:25:30Z INFO ConfigurationStore] IsMigratedConfigured()
[2025-08-14 05:25:30Z INFO ConfigurationStore] IsMigratedConfigured: False
[2025-08-14 05:25:30Z INFO Runner] Failed to load migrated settings: No migrated configuration found.
[2025-08-14 05:25:30Z INFO Runner] Falling back to original .runner settings
[2025-08-14 05:25:30Z INFO Runner] Using BrokerMessageListener
[2025-08-14 05:25:30Z INFO BrokerMessageListener] Using provided settings
[2025-08-14 05:25:30Z INFO BrokerMessageListener] {
  "AgentId": 2,
  "AgentName": "Ostad",
  "PoolId": 1,
  "PoolName": "Default",
  "ServerUrl": "https://pipelinesghubeus5.actions.githubusercontent.com/0sqZTqVSg0zooSfnaDeHY8fgt0xH8ilQMMGAhkeC8QvnjEttlU/",
  "GitHubUrl": "https://github.com/akterfaruq/Test_CICD",
  "WorkFolder": "_work",
  "UseV2Flow": true,
  "ServerUrlV2": "https://broker.actions.githubusercontent.com/"
}
[2025-08-14 05:25:30Z INFO BrokerMessageListener] Loading Credentials
[2025-08-14 05:25:30Z INFO ConfigurationStore] HasCredentials()
[2025-08-14 05:25:30Z INFO ConfigurationStore] stored True
[2025-08-14 05:25:30Z INFO CredentialManager] GetCredentialProvider
[2025-08-14 05:25:30Z INFO CredentialManager] Creating type OAuth
[2025-08-14 05:25:30Z INFO CredentialManager] Creating credential type: OAuth
[2025-08-14 05:25:30Z INFO HostContext] Well known directory 'Bin': 'E:\Ostad\Projects\Test CICD\actions-runner\bin'
[2025-08-14 05:25:30Z INFO HostContext] Well known directory 'Root': 'E:\Ostad\Projects\Test CICD\actions-runner'
[2025-08-14 05:25:30Z INFO HostContext] Well known config file 'RSACredentials': 'E:\Ostad\Projects\Test CICD\actions-runner\.credentials_rsaparams'
[2025-08-14 05:25:30Z INFO RSAEncryptedFileKeyManager] Loading RSA key parameters from file E:\Ostad\Projects\Test CICD\actions-runner\.credentials_rsaparams
[2025-08-14 05:25:30Z INFO BrokerMessageListener] Attempt to create session.
[2025-08-14 05:25:30Z INFO BrokerMessageListener] Connecting to the Broker Server...
[2025-08-14 05:25:30Z INFO ConfigurationStore] HasCredentials()
[2025-08-14 05:25:30Z INFO ConfigurationStore] stored True
[2025-08-14 05:25:30Z INFO CredentialManager] GetCredentialProvider
[2025-08-14 05:25:30Z INFO CredentialManager] Creating type OAuth
[2025-08-14 05:25:30Z INFO CredentialManager] Creating credential type: OAuth
[2025-08-14 05:25:30Z INFO RSAEncryptedFileKeyManager] Loading RSA key parameters from file E:\Ostad\Projects\Test CICD\actions-runner\.credentials_rsaparams
[2025-08-14 05:25:30Z INFO BrokerMessageListener] VssConnection created
[2025-08-14 05:25:30Z INFO BrokerMessageListener] Connecting to the Runner server...
[2025-08-14 05:25:30Z INFO RunnerServer] EstablishVssConnection
[2025-08-14 05:25:30Z INFO RunnerServer] Establish connection with 100 seconds timeout.
[2025-08-14 05:25:30Z INFO GitHubActionsService] Starting operation Location.GetConnectionData
[2025-08-14 05:25:30Z INFO RunnerServer] EstablishVssConnection
[2025-08-14 05:25:30Z INFO RunnerServer] Establish connection with 60 seconds timeout.
[2025-08-14 05:25:30Z INFO GitHubActionsService] Starting operation Location.GetConnectionData
[2025-08-14 05:25:30Z INFO RunnerServer] EstablishVssConnection
[2025-08-14 05:25:30Z INFO RunnerServer] Establish connection with 60 seconds timeout.
[2025-08-14 05:25:30Z INFO GitHubActionsService] Starting operation Location.GetConnectionData
[2025-08-14 05:25:30Z WARN GitHubActionsService] Attempt 1 of GET request to https://pipelinesghubeus5.actions.githubusercontent.com/0sqZTqVSg0zooSfnaDeHY8fgt0xH8ilQMMGAhkeC8QvnjEttlU/_apis/connectionData?connectOptions=1&lastChangeId=5103617&lastChangeId64=5103617 failed (Socket Error: NetworkUnreachable). The operation will be retried in 11.032 seconds.
[2025-08-14 05:25:30Z WARN GitHubActionsService] Attempt 1 of GET request to https://pipelinesghubeus5.actions.githubusercontent.com/0sqZTqVSg0zooSfnaDeHY8fgt0xH8ilQMMGAhkeC8QvnjEttlU/_apis/connectionData?connectOptions=1&lastChangeId=5103617&lastChangeId64=5103617 failed (Socket Error: NetworkUnreachable). The operation will be retried in 11.148 seconds.
[2025-08-14 05:25:30Z WARN GitHubActionsService] Attempt 1 of GET request to https://pipelinesghubeus5.actions.githubusercontent.com/0sqZTqVSg0zooSfnaDeHY8fgt0xH8ilQMMGAhkeC8QvnjEttlU/_apis/connectionData?connectOptions=1&lastChangeId=5103617&lastChangeId64=5103617 failed (Socket Error: NetworkUnreachable). The operation will be retried in 11.006 seconds.
[2025-08-14 05:25:32Z INFO HostContext] Runner will be shutdown for UserCancelled
