[2025-08-13 11:47:31Z INFO HostContext] No proxy settings were found based on environmental variables (http_proxy/https_proxy/HTTP_PROXY/HTTPS_PROXY)
[2025-08-13 11:47:31Z INFO HostContext] Well known directory 'Bin': 'E:\Ostad\Projects\Test CICD\actions-runner\bin'
[2025-08-13 11:47:31Z INFO HostContext] Well known directory 'Root': 'E:\Ostad\Projects\Test CICD\actions-runner'
[2025-08-13 11:47:31Z INFO HostContext] Well known config file 'Credentials': 'E:\Ostad\Projects\Test CICD\actions-runner\.credentials'
[2025-08-13 11:47:31Z INFO HostContext] Well known directory 'Bin': 'E:\Ostad\Projects\Test CICD\actions-runner\bin'
[2025-08-13 11:47:31Z INFO HostContext] Well known directory 'Root': 'E:\Ostad\Projects\Test CICD\actions-runner'
[2025-08-13 11:47:31Z INFO HostContext] Well known config file 'Runner': 'E:\Ostad\Projects\Test CICD\actions-runner\.runner'
[2025-08-13 11:47:31Z INFO Listener] Runner is built for Windows (X64) - win-x64.
[2025-08-13 11:47:31Z INFO Listener] RuntimeInformation: Microsoft Windows 10.0.19045.
[2025-08-13 11:47:31Z INFO Listener] Version: 2.327.1
[2025-08-13 11:47:31Z INFO Listener] Commit: 9513afd82fbc900d13362cdd4fcdab0538f5124e
[2025-08-13 11:47:31Z INFO Listener] Culture: en-US
[2025-08-13 11:47:31Z INFO Listener] UI Culture: en-US
[2025-08-13 11:47:31Z INFO HostContext] Well known directory 'Bin': 'E:\Ostad\Projects\Test CICD\actions-runner\bin'
[2025-08-13 11:47:31Z INFO HostContext] Well known directory 'Root': 'E:\Ostad\Projects\Test CICD\actions-runner'
[2025-08-13 11:47:31Z INFO Listener] Validating directory permissions for: 'E:\Ostad\Projects\Test CICD\actions-runner'
[2025-08-13 11:47:31Z INFO CommandLineParser] Parse
[2025-08-13 11:47:31Z INFO CommandLineParser] Parsing 1 args
[2025-08-13 11:47:31Z INFO CommandLineParser] parsing argument
[2025-08-13 11:47:31Z INFO CommandLineParser] HasArgs: False
[2025-08-13 11:47:31Z INFO CommandLineParser] Adding Command: run
[2025-08-13 11:47:31Z INFO Listener] Arguments parsed
[2025-08-13 11:47:31Z INFO Runner] ExecuteCommand
[2025-08-13 11:47:31Z INFO ConfigurationStore] currentAssemblyLocation: E:\Ostad\Projects\Test CICD\actions-runner\bin\Runner.Listener.dll
[2025-08-13 11:47:31Z INFO HostContext] Well known directory 'Bin': 'E:\Ostad\Projects\Test CICD\actions-runner\bin'
[2025-08-13 11:47:31Z INFO ConfigurationStore] binPath: E:\Ostad\Projects\Test CICD\actions-runner\bin
[2025-08-13 11:47:31Z INFO HostContext] Well known directory 'Bin': 'E:\Ostad\Projects\Test CICD\actions-runner\bin'
[2025-08-13 11:47:31Z INFO HostContext] Well known directory 'Root': 'E:\Ostad\Projects\Test CICD\actions-runner'
[2025-08-13 11:47:31Z INFO ConfigurationStore] RootFolder: E:\Ostad\Projects\Test CICD\actions-runner
[2025-08-13 11:47:31Z INFO HostContext] Well known directory 'Bin': 'E:\Ostad\Projects\Test CICD\actions-runner\bin'
[2025-08-13 11:47:31Z INFO HostContext] Well known directory 'Root': 'E:\Ostad\Projects\Test CICD\actions-runner'
[2025-08-13 11:47:31Z INFO HostContext] Well known config file 'Runner': 'E:\Ostad\Projects\Test CICD\actions-runner\.runner'
[2025-08-13 11:47:31Z INFO ConfigurationStore] ConfigFilePath: E:\Ostad\Projects\Test CICD\actions-runner\.runner
[2025-08-13 11:47:31Z INFO HostContext] Well known directory 'Bin': 'E:\Ostad\Projects\Test CICD\actions-runner\bin'
[2025-08-13 11:47:31Z INFO HostContext] Well known directory 'Root': 'E:\Ostad\Projects\Test CICD\actions-runner'
[2025-08-13 11:47:31Z INFO HostContext] Well known config file 'MigratedRunner': 'E:\Ostad\Projects\Test CICD\actions-runner\.runner_migrated'
[2025-08-13 11:47:31Z INFO ConfigurationStore] MigratedConfigFilePath: E:\Ostad\Projects\Test CICD\actions-runner\.runner_migrated
[2025-08-13 11:47:31Z INFO HostContext] Well known directory 'Bin': 'E:\Ostad\Projects\Test CICD\actions-runner\bin'
[2025-08-13 11:47:31Z INFO HostContext] Well known directory 'Root': 'E:\Ostad\Projects\Test CICD\actions-runner'
[2025-08-13 11:47:31Z INFO HostContext] Well known config file 'Credentials': 'E:\Ostad\Projects\Test CICD\actions-runner\.credentials'
[2025-08-13 11:47:31Z INFO ConfigurationStore] CredFilePath: E:\Ostad\Projects\Test CICD\actions-runner\.credentials
[2025-08-13 11:47:31Z INFO HostContext] Well known directory 'Bin': 'E:\Ostad\Projects\Test CICD\actions-runner\bin'
[2025-08-13 11:47:31Z INFO HostContext] Well known directory 'Root': 'E:\Ostad\Projects\Test CICD\actions-runner'
[2025-08-13 11:47:31Z INFO HostContext] Well known config file 'MigratedCredentials': 'E:\Ostad\Projects\Test CICD\actions-runner\.credentials_migrated'
[2025-08-13 11:47:31Z INFO ConfigurationStore] MigratedCredFilePath: E:\Ostad\Projects\Test CICD\actions-runner\.credentials_migrated
[2025-08-13 11:47:31Z INFO HostContext] Well known directory 'Bin': 'E:\Ostad\Projects\Test CICD\actions-runner\bin'
[2025-08-13 11:47:31Z INFO HostContext] Well known directory 'Root': 'E:\Ostad\Projects\Test CICD\actions-runner'
[2025-08-13 11:47:31Z INFO HostContext] Well known config file 'Service': 'E:\Ostad\Projects\Test CICD\actions-runner\.service'
[2025-08-13 11:47:31Z INFO ConfigurationStore] ServiceConfigFilePath: E:\Ostad\Projects\Test CICD\actions-runner\.service
[2025-08-13 11:47:31Z INFO CommandSettings] Flag 'help': 'False'
[2025-08-13 11:47:31Z INFO CommandSettings] Flag 'version': 'False'
[2025-08-13 11:47:31Z INFO CommandSettings] Flag 'commit': 'False'
[2025-08-13 11:47:31Z INFO CommandSettings] Flag 'check': 'False'
[2025-08-13 11:47:31Z INFO CommandSettings] Command 'configure': 'False'
[2025-08-13 11:47:31Z INFO CommandSettings] Command 'remove': 'False'
[2025-08-13 11:47:31Z INFO CommandSettings] Command 'warmup': 'False'
[2025-08-13 11:47:31Z INFO ConfigurationManager] LoadSettings
[2025-08-13 11:47:31Z INFO ConfigurationStore] IsConfigured()
[2025-08-13 11:47:31Z INFO ConfigurationStore] IsConfigured: False
[2025-08-13 11:47:31Z INFO ConfigurationManager] Is configured: False
[2025-08-13 11:47:31Z ERR  Terminal] WRITE ERROR: An error occurred: Not configured. Run config.(sh/cmd) to configure the runner.
[2025-08-13 11:47:31Z ERR  Listener] GitHub.Runner.Common.NonRetryableException: Not configured. Run config.(sh/cmd) to configure the runner.
   at GitHub.Runner.Listener.Configuration.ConfigurationManager.LoadSettings()
   at GitHub.Runner.Listener.Runner.ExecuteCommand(CommandSettings command)
   at GitHub.Runner.Listener.Program.MainAsync(IHostContext context, String[] args)
