[2025-08-13 11:42:43Z INFO HostContext] Configuring anonymous proxy http://10.10.50.218:3128 for all HTTP requests.
[2025-08-13 11:42:43Z INFO HostContext] Configuring anonymous proxy http://10.10.50.218:3128 for all HTTPS requests.
[2025-08-13 11:42:43Z INFO HostContext] Well known directory 'Bin': 'E:\Ostad\Projects\Test CICD\actions-runner\bin'
[2025-08-13 11:42:43Z INFO HostContext] Well known directory 'Root': 'E:\Ostad\Projects\Test CICD\actions-runner'
[2025-08-13 11:42:43Z INFO HostContext] Well known config file 'Credentials': 'E:\Ostad\Projects\Test CICD\actions-runner\.credentials'
[2025-08-13 11:42:43Z INFO HostContext] Well known directory 'Bin': 'E:\Ostad\Projects\Test CICD\actions-runner\bin'
[2025-08-13 11:42:43Z INFO HostContext] Well known directory 'Root': 'E:\Ostad\Projects\Test CICD\actions-runner'
[2025-08-13 11:42:43Z INFO HostContext] Well known config file 'Runner': 'E:\Ostad\Projects\Test CICD\actions-runner\.runner'
[2025-08-13 11:42:43Z INFO Listener] Runner is built for Windows (X64) - win-x64.
[2025-08-13 11:42:43Z INFO Listener] RuntimeInformation: Microsoft Windows 10.0.19045.
[2025-08-13 11:42:43Z INFO Listener] Version: 2.327.1
[2025-08-13 11:42:43Z INFO Listener] Commit: 9513afd82fbc900d13362cdd4fcdab0538f5124e
[2025-08-13 11:42:43Z INFO Listener] Culture: en-US
[2025-08-13 11:42:43Z INFO Listener] UI Culture: en-US
[2025-08-13 11:42:43Z INFO HostContext] Well known directory 'Bin': 'E:\Ostad\Projects\Test CICD\actions-runner\bin'
[2025-08-13 11:42:43Z INFO HostContext] Well known directory 'Root': 'E:\Ostad\Projects\Test CICD\actions-runner'
[2025-08-13 11:42:43Z INFO Listener] Validating directory permissions for: 'E:\Ostad\Projects\Test CICD\actions-runner'
[2025-08-13 11:42:43Z INFO CommandLineParser] Parse
[2025-08-13 11:42:43Z INFO CommandLineParser] Parsing 5 args
[2025-08-13 11:42:43Z INFO CommandLineParser] parsing argument
[2025-08-13 11:42:43Z INFO CommandLineParser] HasArgs: False
[2025-08-13 11:42:43Z INFO CommandLineParser] Adding Command: configure
[2025-08-13 11:42:43Z INFO CommandLineParser] parsing argument
[2025-08-13 11:42:43Z INFO CommandLineParser] HasArgs: True
[2025-08-13 11:42:43Z INFO CommandLineParser] arg: url
[2025-08-13 11:42:43Z INFO CommandLineParser] parsing argument
[2025-08-13 11:42:43Z INFO CommandLineParser] HasArgs: True
[2025-08-13 11:42:43Z INFO CommandLineParser] Adding option 'url': 'https://github.com/akterfaruq/Test_CICD'
[2025-08-13 11:42:43Z INFO CommandLineParser] parsing argument
[2025-08-13 11:42:43Z INFO CommandLineParser] HasArgs: True
[2025-08-13 11:42:43Z INFO CommandLineParser] arg: token
[2025-08-13 11:42:43Z INFO CommandLineParser] parsing argument
[2025-08-13 11:42:43Z INFO CommandLineParser] HasArgs: True
[2025-08-13 11:42:43Z INFO CommandLineParser] Adding option 'token': '***'
[2025-08-13 11:42:43Z INFO Listener] Arguments parsed
[2025-08-13 11:42:43Z INFO Runner] ExecuteCommand
[2025-08-13 11:42:43Z INFO ConfigurationStore] currentAssemblyLocation: E:\Ostad\Projects\Test CICD\actions-runner\bin\Runner.Listener.dll
[2025-08-13 11:42:43Z INFO HostContext] Well known directory 'Bin': 'E:\Ostad\Projects\Test CICD\actions-runner\bin'
[2025-08-13 11:42:43Z INFO ConfigurationStore] binPath: E:\Ostad\Projects\Test CICD\actions-runner\bin
[2025-08-13 11:42:43Z INFO HostContext] Well known directory 'Bin': 'E:\Ostad\Projects\Test CICD\actions-runner\bin'
[2025-08-13 11:42:43Z INFO HostContext] Well known directory 'Root': 'E:\Ostad\Projects\Test CICD\actions-runner'
[2025-08-13 11:42:43Z INFO ConfigurationStore] RootFolder: E:\Ostad\Projects\Test CICD\actions-runner
[2025-08-13 11:42:43Z INFO HostContext] Well known directory 'Bin': 'E:\Ostad\Projects\Test CICD\actions-runner\bin'
[2025-08-13 11:42:43Z INFO HostContext] Well known directory 'Root': 'E:\Ostad\Projects\Test CICD\actions-runner'
[2025-08-13 11:42:43Z INFO HostContext] Well known config file 'Runner': 'E:\Ostad\Projects\Test CICD\actions-runner\.runner'
[2025-08-13 11:42:43Z INFO ConfigurationStore] ConfigFilePath: E:\Ostad\Projects\Test CICD\actions-runner\.runner
[2025-08-13 11:42:43Z INFO HostContext] Well known directory 'Bin': 'E:\Ostad\Projects\Test CICD\actions-runner\bin'
[2025-08-13 11:42:43Z INFO HostContext] Well known directory 'Root': 'E:\Ostad\Projects\Test CICD\actions-runner'
[2025-08-13 11:42:43Z INFO HostContext] Well known config file 'MigratedRunner': 'E:\Ostad\Projects\Test CICD\actions-runner\.runner_migrated'
[2025-08-13 11:42:43Z INFO ConfigurationStore] MigratedConfigFilePath: E:\Ostad\Projects\Test CICD\actions-runner\.runner_migrated
[2025-08-13 11:42:43Z INFO HostContext] Well known directory 'Bin': 'E:\Ostad\Projects\Test CICD\actions-runner\bin'
[2025-08-13 11:42:43Z INFO HostContext] Well known directory 'Root': 'E:\Ostad\Projects\Test CICD\actions-runner'
[2025-08-13 11:42:43Z INFO HostContext] Well known config file 'Credentials': 'E:\Ostad\Projects\Test CICD\actions-runner\.credentials'
[2025-08-13 11:42:43Z INFO ConfigurationStore] CredFilePath: E:\Ostad\Projects\Test CICD\actions-runner\.credentials
[2025-08-13 11:42:43Z INFO HostContext] Well known directory 'Bin': 'E:\Ostad\Projects\Test CICD\actions-runner\bin'
[2025-08-13 11:42:43Z INFO HostContext] Well known directory 'Root': 'E:\Ostad\Projects\Test CICD\actions-runner'
[2025-08-13 11:42:43Z INFO HostContext] Well known config file 'MigratedCredentials': 'E:\Ostad\Projects\Test CICD\actions-runner\.credentials_migrated'
[2025-08-13 11:42:43Z INFO ConfigurationStore] MigratedCredFilePath: E:\Ostad\Projects\Test CICD\actions-runner\.credentials_migrated
[2025-08-13 11:42:43Z INFO HostContext] Well known directory 'Bin': 'E:\Ostad\Projects\Test CICD\actions-runner\bin'
[2025-08-13 11:42:43Z INFO HostContext] Well known directory 'Root': 'E:\Ostad\Projects\Test CICD\actions-runner'
[2025-08-13 11:42:43Z INFO HostContext] Well known config file 'Service': 'E:\Ostad\Projects\Test CICD\actions-runner\.service'
[2025-08-13 11:42:43Z INFO ConfigurationStore] ServiceConfigFilePath: E:\Ostad\Projects\Test CICD\actions-runner\.service
[2025-08-13 11:42:43Z INFO CommandSettings] Flag 'help': 'False'
[2025-08-13 11:42:43Z INFO CommandSettings] Flag 'version': 'False'
[2025-08-13 11:42:43Z INFO CommandSettings] Flag 'commit': 'False'
[2025-08-13 11:42:43Z INFO CommandSettings] Flag 'check': 'False'
[2025-08-13 11:42:43Z INFO CommandSettings] Command 'configure': 'True'
[2025-08-13 11:42:43Z INFO Terminal] WRITE LINE: 
[2025-08-13 11:42:43Z INFO Terminal] WRITE LINE: --------------------------------------------------------------------------------
[2025-08-13 11:42:43Z INFO Terminal] WRITE LINE: |        ____ _ _   _   _       _          _        _   _                      |
[2025-08-13 11:42:43Z INFO Terminal] WRITE LINE: |       / ___(_) |_| | | |_   _| |__      / \   ___| |_(_) ___  _ __  ___      |
[2025-08-13 11:42:43Z INFO Terminal] WRITE LINE: |      | |  _| | __| |_| | | | | '_ \    / _ \ / __| __| |/ _ \| '_ \/ __|     |
[2025-08-13 11:42:43Z INFO Terminal] WRITE LINE: |      | |_| | | |_|  _  | |_| | |_) |  / ___ \ (__| |_| | (_) | | | \__ \     |
[2025-08-13 11:42:43Z INFO Terminal] WRITE LINE: |       \____|_|\__|_| |_|\__,_|_.__/  /_/   \_\___|\__|_|\___/|_| |_|___/     |
[2025-08-13 11:42:43Z INFO Terminal] WRITE LINE: |                                                                              |
[2025-08-13 11:42:43Z INFO Terminal] WRITE: |                       
[2025-08-13 11:42:43Z INFO Terminal] WRITE: Self-hosted runner registration
[2025-08-13 11:42:43Z INFO Terminal] WRITE LINE:                         |
[2025-08-13 11:42:43Z INFO Terminal] WRITE LINE: |                                                                              |
[2025-08-13 11:42:43Z INFO Terminal] WRITE LINE: --------------------------------------------------------------------------------
[2025-08-13 11:42:43Z INFO ConfigurationManager] ConfigureAsync
[2025-08-13 11:42:43Z INFO CommandSettings] Flag 'generateServiceConfig': 'False'
[2025-08-13 11:42:43Z INFO ConfigurationStore] IsConfigured()
[2025-08-13 11:42:43Z INFO ConfigurationStore] IsConfigured: False
[2025-08-13 11:42:43Z INFO ConfigurationManager] Is configured: False
[2025-08-13 11:42:43Z INFO CommandSettings] Arg 'url': 'https://github.com/akterfaruq/Test_CICD'
[2025-08-13 11:42:43Z INFO CommandSettings] Remove url from Arg dictionary.
[2025-08-13 11:42:43Z INFO CommandSettings] Arg 'token': '***'
[2025-08-13 11:42:43Z INFO CommandSettings] Remove token from Arg dictionary.
[2025-08-13 11:42:44Z INFO ConfigurationManager] Http response code: OK from 'POST https://api.github.com/actions/runner-registration' (AF9F:1C2FFB:21D860:276DE8:689C7A33)
[2025-08-13 11:42:44Z INFO ConfigurationManager] Using V2 flow: False
[2025-08-13 11:42:44Z INFO ConfigurationManager] cred retrieved via GitHub auth
[2025-08-13 11:42:44Z INFO RunnerServer] EstablishVssConnection
[2025-08-13 11:42:44Z INFO RunnerServer] Establish connection with 100 seconds timeout.
[2025-08-13 11:42:44Z INFO GitHubActionsService] Starting operation Location.GetConnectionData
[2025-08-13 11:42:44Z INFO RunnerServer] EstablishVssConnection
[2025-08-13 11:42:44Z INFO RunnerServer] Establish connection with 60 seconds timeout.
[2025-08-13 11:42:44Z INFO GitHubActionsService] Starting operation Location.GetConnectionData
[2025-08-13 11:42:44Z INFO RunnerServer] EstablishVssConnection
[2025-08-13 11:42:44Z INFO RunnerServer] Establish connection with 60 seconds timeout.
[2025-08-13 11:42:44Z INFO GitHubActionsService] Starting operation Location.GetConnectionData
[2025-08-13 11:42:46Z INFO GitHubActionsService] Finished operation Location.GetConnectionData
[2025-08-13 11:42:46Z INFO GitHubActionsService] Finished operation Location.GetConnectionData
[2025-08-13 11:42:46Z INFO GitHubActionsService] Finished operation Location.GetConnectionData
[2025-08-13 11:42:46Z INFO Terminal] WRITE LINE: 
[2025-08-13 11:42:46Z INFO ConfigurationManager] Test Connection complete.
[2025-08-13 11:42:46Z INFO HostContext] Well known directory 'Bin': 'E:\Ostad\Projects\Test CICD\actions-runner\bin'
[2025-08-13 11:42:46Z INFO HostContext] Well known directory 'Root': 'E:\Ostad\Projects\Test CICD\actions-runner'
[2025-08-13 11:42:46Z INFO HostContext] Well known config file 'RSACredentials': 'E:\Ostad\Projects\Test CICD\actions-runner\.credentials_rsaparams'
[2025-08-13 11:42:46Z INFO RSAEncryptedFileKeyManager] Creating new RSA key using 2048-bit key length
[2025-08-13 11:42:46Z INFO RSAEncryptedFileKeyManager] Successfully saved RSA key parameters to file E:\Ostad\Projects\Test CICD\actions-runner\.credentials_rsaparams
[2025-08-13 11:42:46Z INFO CommandSettings] Arg 'runnergroup': ''
[2025-08-13 11:42:46Z INFO CommandSettings] Flag 'unattended': 'False'
[2025-08-13 11:42:46Z INFO PromptManager] ReadValue
[2025-08-13 11:42:46Z INFO Terminal] WRITE: Enter the name of the runner group to add this runner to: 
[2025-08-13 11:42:46Z INFO Terminal] WRITE: [press Enter for Default] 
[2025-08-13 11:42:46Z INFO Terminal] READ LINE
[2025-08-13 11:42:51Z INFO Terminal] Read value: ''
[2025-08-13 11:42:51Z INFO PromptManager] Falling back to the default: 'Default'
[2025-08-13 11:42:51Z INFO Terminal] WRITE LINE: 
[2025-08-13 11:42:51Z INFO ConfigurationManager] Found a self-hosted runner group with id 1 and name Default
[2025-08-13 11:42:51Z INFO CommandSettings] Flag 'disableupdate': 'False'
[2025-08-13 11:42:51Z INFO CommandSettings] Flag 'ephemeral': 'False'
[2025-08-13 11:42:51Z INFO CommandSettings] Arg 'name': ''
[2025-08-13 11:42:51Z INFO CommandSettings] Flag 'unattended': 'False'
[2025-08-13 11:42:51Z INFO PromptManager] ReadValue
[2025-08-13 11:42:51Z INFO Terminal] WRITE: Enter the name of runner: 
[2025-08-13 11:42:51Z INFO Terminal] WRITE: [press Enter for DESKTOP-PVE2DSG] 
[2025-08-13 11:42:51Z INFO Terminal] READ LINE
[2025-08-13 11:43:00Z INFO Terminal] Read value: 'Ostad'
[2025-08-13 11:43:00Z INFO Terminal] WRITE LINE: 
[2025-08-13 11:43:00Z INFO CommandSettings] Arg 'labels': ''
[2025-08-13 11:43:00Z INFO CommandSettings] Flag 'unattended': 'False'
[2025-08-13 11:43:00Z INFO PromptManager] ReadValue
[2025-08-13 11:43:00Z INFO Terminal] WRITE: This runner will have the following labels: 'self-hosted', 'Windows', 'X64' 
Enter any additional labels (ex. label-1,label-2): 
[2025-08-13 11:43:00Z INFO Terminal] WRITE: [press Enter to skip] 
[2025-08-13 11:43:00Z INFO Terminal] READ LINE
[2025-08-13 11:43:12Z INFO Terminal] Read value: 'Osta_test'
[2025-08-13 11:43:12Z INFO Terminal] WRITE LINE: 
[2025-08-13 11:43:12Z INFO CommandSettings] Flag 'disableupdate': 'False'
[2025-08-13 11:43:12Z INFO CommandSettings] Flag 'no-default-labels': 'False'
[2025-08-13 11:43:13Z INFO CommandSettings] Flag 'disableupdate': 'False'
[2025-08-13 11:43:13Z INFO CommandSettings] Flag 'ephemeral': 'False'
[2025-08-13 11:43:13Z INFO ConfigurationStore] Saving OAuth credential @ E:\Ostad\Projects\Test CICD\actions-runner\.credentials
[2025-08-13 11:43:13Z INFO ConfigurationStore] Credentials Saved.
[2025-08-13 11:43:13Z INFO ConfigurationStore] HasCredentials()
[2025-08-13 11:43:13Z INFO ConfigurationStore] stored True
[2025-08-13 11:43:13Z INFO CredentialManager] GetCredentialProvider
[2025-08-13 11:43:13Z INFO CredentialManager] Creating type OAuth
[2025-08-13 11:43:13Z INFO CredentialManager] Creating credential type: OAuth
[2025-08-13 11:43:13Z INFO RSAEncryptedFileKeyManager] Loading RSA key parameters from file E:\Ostad\Projects\Test CICD\actions-runner\.credentials_rsaparams
[2025-08-13 11:43:13Z INFO RunnerServer] EstablishVssConnection
[2025-08-13 11:43:13Z INFO RunnerServer] Establish connection with 100 seconds timeout.
[2025-08-13 11:43:13Z INFO GitHubActionsService] Starting operation Location.GetConnectionData
[2025-08-13 11:43:13Z INFO RunnerServer] EstablishVssConnection
[2025-08-13 11:43:13Z INFO RunnerServer] Establish connection with 60 seconds timeout.
[2025-08-13 11:43:13Z INFO GitHubActionsService] Starting operation Location.GetConnectionData
[2025-08-13 11:43:13Z INFO RunnerServer] EstablishVssConnection
[2025-08-13 11:43:13Z INFO RunnerServer] Establish connection with 60 seconds timeout.
[2025-08-13 11:43:13Z INFO GitHubActionsService] Starting operation Location.GetConnectionData
[2025-08-13 11:43:14Z INFO GitHubActionsService] Finished operation Location.GetConnectionData
[2025-08-13 11:43:14Z INFO GitHubActionsService] Finished operation Location.GetConnectionData
[2025-08-13 11:43:14Z INFO GitHubActionsService] Finished operation Location.GetConnectionData
[2025-08-13 11:43:14Z INFO RSAEncryptedFileKeyManager] Loading RSA key parameters from file E:\Ostad\Projects\Test CICD\actions-runner\.credentials_rsaparams
[2025-08-13 11:43:14Z INFO RSAEncryptedFileKeyManager] Loading RSA key parameters from file E:\Ostad\Projects\Test CICD\actions-runner\.credentials_rsaparams
[2025-08-13 11:43:15Z INFO GitHubActionsService] AAD Correlation ID for this token request: Unknown
[2025-08-13 11:43:15Z INFO ConfigurationManager] Service enforced serverUrlV2: https://broker.actions.githubusercontent.com/
[2025-08-13 11:43:15Z INFO ConfigurationManager] Service enforced useV2Flow: True
[2025-08-13 11:43:15Z INFO CommandSettings] Arg 'work': ''
[2025-08-13 11:43:15Z INFO CommandSettings] Flag 'unattended': 'False'
[2025-08-13 11:43:15Z INFO PromptManager] ReadValue
[2025-08-13 11:43:15Z INFO Terminal] WRITE: Enter name of work folder: 
[2025-08-13 11:43:15Z INFO Terminal] WRITE: [press Enter for _work] 
[2025-08-13 11:43:15Z INFO Terminal] READ LINE
[2025-08-13 11:49:20Z INFO Terminal] Read value: ''
[2025-08-13 11:49:20Z INFO PromptManager] Falling back to the default: '_work'
[2025-08-13 11:49:20Z INFO ConfigurationStore] Saving runner settings.
[2025-08-13 11:49:20Z INFO ConfigurationStore] Settings Saved.
[2025-08-13 11:49:20Z INFO Terminal] WRITE LINE: 
[2025-08-13 11:49:20Z INFO Terminal] WRITE LINE: 
[2025-08-13 11:49:20Z INFO CommandSettings] Flag 'runasservice': 'False'
[2025-08-13 11:49:20Z INFO CommandSettings] Flag 'unattended': 'False'
[2025-08-13 11:49:20Z INFO PromptManager] ReadValue
[2025-08-13 11:49:20Z INFO Terminal] WRITE: Would you like to run the runner as service? (Y/N) 
[2025-08-13 11:49:20Z INFO Terminal] WRITE: [press Enter for N] 
[2025-08-13 11:49:20Z INFO Terminal] READ LINE
[2025-08-13 11:49:27Z INFO Terminal] Read value: 'Y'
[2025-08-13 11:49:27Z INFO ConfigurationManager] Configuring to run the agent as service
[2025-08-13 11:49:27Z INFO CommandSettings] Arg 'windowslogonaccount': ''
[2025-08-13 11:49:27Z INFO CommandSettings] Flag 'unattended': 'False'
[2025-08-13 11:49:27Z INFO PromptManager] ReadValue
[2025-08-13 11:49:27Z INFO Terminal] WRITE: User account to use for the service 
[2025-08-13 11:49:27Z INFO Terminal] WRITE: [press Enter for NT AUTHORITY\NETWORK SERVICE] 
[2025-08-13 11:49:27Z INFO Terminal] READ LINE
[2025-08-13 11:49:34Z INFO Terminal] Read value: ''
[2025-08-13 11:49:34Z INFO PromptManager] Falling back to the default: 'NT AUTHORITY\NETWORK SERVICE'
[2025-08-13 11:49:34Z INFO WindowsServiceControlManager] LogonAccount after transforming: NT AUTHORITY\NETWORK SERVICE, user: NETWORK SERVICE, domain: NT AUTHORITY
[2025-08-13 11:49:34Z INFO WindowsServiceControlManager] Service name 'actions.runner.akterfaruq-Test_CICD.Ostad' display name 'GitHub Actions Runner (akterfaruq-Test_CICD.Ostad)' will be used for service configuration.
[2025-08-13 11:49:34Z INFO WindowsServiceControlManager] Verifying if the account has LogonAsService permission
[2025-08-13 11:49:34Z INFO WindowsServiceControlManager] Account: NT AUTHORITY\NETWORK SERVICE already has Logon As Service Privilege.
[2025-08-13 11:49:34Z INFO WindowsServiceControlManager] Create local group and grant folder permission to service logon account.
[2025-08-13 11:49:34Z INFO HostContext] Well known directory 'Bin': 'E:\Ostad\Projects\Test CICD\actions-runner\bin'
[2025-08-13 11:49:34Z INFO HostContext] Well known directory 'Root': 'E:\Ostad\Projects\Test CICD\actions-runner'
[2025-08-13 11:49:34Z INFO ConfigurationStore] Read setting file: 388 chars
[2025-08-13 11:49:34Z INFO HostContext] Well known directory 'Bin': 'E:\Ostad\Projects\Test CICD\actions-runner\bin'
[2025-08-13 11:49:34Z INFO HostContext] Well known directory 'Root': 'E:\Ostad\Projects\Test CICD\actions-runner'
[2025-08-13 11:49:34Z INFO HostContext] Well known directory 'Work': 'E:\Ostad\Projects\Test CICD\actions-runner\_work'
[2025-08-13 11:49:34Z INFO HostContext] Well known directory 'Bin': 'E:\Ostad\Projects\Test CICD\actions-runner\bin'
[2025-08-13 11:49:34Z INFO NativeWindowsServiceHelper] Calculated unique group name GITHUB_ActionsRunner_G3a140
[2025-08-13 11:49:34Z INFO NativeWindowsServiceHelper] Trying to create group GITHUB_ActionsRunner_G3a140
[2025-08-13 11:49:34Z INFO NativeWindowsServiceHelper] Local Group 'GITHUB_ActionsRunner_G3a140' created
[2025-08-13 11:49:34Z INFO NativeWindowsServiceHelper] Trying to add userName NT AUTHORITY\NETWORK SERVICE to the group GITHUB_ActionsRunner_G3a140
[2025-08-13 11:49:34Z INFO NativeWindowsServiceHelper] Account 'NT AUTHORITY\NETWORK SERVICE' is added to local group 'GITHUB_ActionsRunner_G3a140'.
[2025-08-13 11:49:34Z INFO NativeWindowsServiceHelper] Set full access control to group for the folder E:\Ostad\Projects\Test CICD\actions-runner
[2025-08-13 11:49:34Z INFO NativeWindowsServiceHelper] Set full access control to group for the folder E:\Ostad\Projects\Test CICD\actions-runner\_work
[2025-08-13 11:49:34Z INFO NativeWindowsServiceHelper] Local group 'GITHUB_ActionsRunner_G3a140' already has full control to path 'E:\Ostad\Projects\Test CICD\actions-runner\_work'.
[2025-08-13 11:49:34Z INFO Terminal] WRITE LINE: Granting file permissions to 'NT AUTHORITY\NETWORK SERVICE'.
[2025-08-13 11:49:34Z INFO HostContext] Well known directory 'Bin': 'E:\Ostad\Projects\Test CICD\actions-runner\bin'
[2025-08-13 11:49:34Z INFO ProcessInvokerWrapper] Starting process:
[2025-08-13 11:49:34Z INFO ProcessInvokerWrapper]   File name: '"E:\Ostad\Projects\Test CICD\actions-runner\bin\RunnerService.exe"'
[2025-08-13 11:49:34Z INFO ProcessInvokerWrapper]   Arguments: 'init'
[2025-08-13 11:49:34Z INFO ProcessInvokerWrapper]   Working directory: ''
[2025-08-13 11:49:34Z INFO ProcessInvokerWrapper]   Require exit code zero: 'True'
[2025-08-13 11:49:34Z INFO ProcessInvokerWrapper]   Encoding web name:  ; code page: ''
[2025-08-13 11:49:34Z INFO ProcessInvokerWrapper]   Force kill process on cancellation: 'False'
[2025-08-13 11:49:34Z INFO ProcessInvokerWrapper]   Redirected STDIN: 'False'
[2025-08-13 11:49:34Z INFO ProcessInvokerWrapper]   Persist current code page: 'False'
[2025-08-13 11:49:34Z INFO ProcessInvokerWrapper]   Keep redirected STDIN open: 'False'
[2025-08-13 11:49:34Z INFO ProcessInvokerWrapper]   High priority process: 'False'
[2025-08-13 11:49:39Z INFO ProcessInvokerWrapper] Process started with process id 25036, waiting for process exit.
[2025-08-13 11:49:39Z INFO ProcessInvokerWrapper] STDOUT/STDERR stream read finished.
[2025-08-13 11:49:39Z INFO ProcessInvokerWrapper] STDOUT/STDERR stream read finished.
[2025-08-13 11:49:39Z INFO ProcessInvokerWrapper] Finished process 25036 with exit code 0, and elapsed time 00:00:05.1971599.
[2025-08-13 11:49:39Z INFO Terminal] WRITE LINE: Service actions.runner.akterfaruq-Test_CICD.Ostad successfully installed
[2025-08-13 11:49:39Z INFO Terminal] WRITE LINE: Service actions.runner.akterfaruq-Test_CICD.Ostad successfully set recovery option
[2025-08-13 11:49:39Z INFO Terminal] WRITE LINE: Service actions.runner.akterfaruq-Test_CICD.Ostad successfully set to delayed auto start
[2025-08-13 11:49:39Z INFO Terminal] WRITE LINE: Service actions.runner.akterfaruq-Test_CICD.Ostad successfully configured
[2025-08-13 11:49:39Z INFO HostContext] Well known directory 'Bin': 'E:\Ostad\Projects\Test CICD\actions-runner\bin'
[2025-08-13 11:49:39Z INFO HostContext] Well known directory 'Root': 'E:\Ostad\Projects\Test CICD\actions-runner'
[2025-08-13 11:49:39Z INFO HostContext] Well known config file 'Service': 'E:\Ostad\Projects\Test CICD\actions-runner\.service'
[2025-08-13 11:49:39Z INFO WindowsServiceControlManager] Configuration was successful, trying to start the service
[2025-08-13 11:49:39Z INFO Terminal] WRITE LINE: Waiting for service to start...
[2025-08-13 11:49:39Z INFO Terminal] WRITE LINE: Service actions.runner.akterfaruq-Test_CICD.Ostad started successfully
[2025-08-13 11:49:39Z INFO Listener] Runner execution has finished with return code 0
