[2025-08-13 09:24:22Z INFO HostContext] No proxy settings were found based on environmental variables (http_proxy/https_proxy/HTTP_PROXY/HTTPS_PROXY)
[2025-08-13 09:24:22Z INFO HostContext] Well known directory 'Bin': 'E:\Ostad\Projects\Test CICD\actions-runner\bin'
[2025-08-13 09:24:22Z INFO HostContext] Well known directory 'Root': 'E:\Ostad\Projects\Test CICD\actions-runner'
[2025-08-13 09:24:22Z INFO HostContext] Well known config file 'Credentials': 'E:\Ostad\Projects\Test CICD\actions-runner\.credentials'
[2025-08-13 09:24:22Z INFO HostContext] Well known directory 'Bin': 'E:\Ostad\Projects\Test CICD\actions-runner\bin'
[2025-08-13 09:24:22Z INFO HostContext] Well known directory 'Root': 'E:\Ostad\Projects\Test CICD\actions-runner'
[2025-08-13 09:24:22Z INFO HostContext] Well known config file 'Runner': 'E:\Ostad\Projects\Test CICD\actions-runner\.runner'
[2025-08-13 09:24:22Z INFO Listener] Runner is built for Windows (X64) - win-x64.
[2025-08-13 09:24:22Z INFO Listener] RuntimeInformation: Microsoft Windows 10.0.19045.
[2025-08-13 09:24:22Z INFO Listener] Version: 2.327.1
[2025-08-13 09:24:22Z INFO Listener] Commit: 9513afd82fbc900d13362cdd4fcdab0538f5124e
[2025-08-13 09:24:22Z INFO Listener] Culture: en-US
[2025-08-13 09:24:22Z INFO Listener] UI Culture: en-US
[2025-08-13 09:24:22Z INFO HostContext] Well known directory 'Bin': 'E:\Ostad\Projects\Test CICD\actions-runner\bin'
[2025-08-13 09:24:22Z INFO HostContext] Well known directory 'Root': 'E:\Ostad\Projects\Test CICD\actions-runner'
[2025-08-13 09:24:22Z INFO Listener] Validating directory permissions for: 'E:\Ostad\Projects\Test CICD\actions-runner'
[2025-08-13 09:24:22Z INFO CommandLineParser] Parse
[2025-08-13 09:24:22Z INFO CommandLineParser] Parsing 5 args
[2025-08-13 09:24:22Z INFO CommandLineParser] parsing argument
[2025-08-13 09:24:22Z INFO CommandLineParser] HasArgs: False
[2025-08-13 09:24:22Z INFO CommandLineParser] Adding Command: configure
[2025-08-13 09:24:22Z INFO CommandLineParser] parsing argument
[2025-08-13 09:24:22Z INFO CommandLineParser] HasArgs: True
[2025-08-13 09:24:22Z INFO CommandLineParser] arg: url
[2025-08-13 09:24:22Z INFO CommandLineParser] parsing argument
[2025-08-13 09:24:22Z INFO CommandLineParser] HasArgs: True
[2025-08-13 09:24:22Z INFO CommandLineParser] Adding option 'url': 'https://github.com/akterfaruq/Test_CICD'
[2025-08-13 09:24:22Z INFO CommandLineParser] parsing argument
[2025-08-13 09:24:22Z INFO CommandLineParser] HasArgs: True
[2025-08-13 09:24:22Z INFO CommandLineParser] arg: token
[2025-08-13 09:24:22Z INFO CommandLineParser] parsing argument
[2025-08-13 09:24:22Z INFO CommandLineParser] HasArgs: True
[2025-08-13 09:24:22Z INFO CommandLineParser] Adding option 'token': '***'
[2025-08-13 09:24:22Z INFO Listener] Arguments parsed
[2025-08-13 09:24:22Z INFO Runner] ExecuteCommand
[2025-08-13 09:24:22Z INFO ConfigurationStore] currentAssemblyLocation: E:\Ostad\Projects\Test CICD\actions-runner\bin\Runner.Listener.dll
[2025-08-13 09:24:22Z INFO HostContext] Well known directory 'Bin': 'E:\Ostad\Projects\Test CICD\actions-runner\bin'
[2025-08-13 09:24:22Z INFO ConfigurationStore] binPath: E:\Ostad\Projects\Test CICD\actions-runner\bin
[2025-08-13 09:24:22Z INFO HostContext] Well known directory 'Bin': 'E:\Ostad\Projects\Test CICD\actions-runner\bin'
[2025-08-13 09:24:22Z INFO HostContext] Well known directory 'Root': 'E:\Ostad\Projects\Test CICD\actions-runner'
[2025-08-13 09:24:22Z INFO ConfigurationStore] RootFolder: E:\Ostad\Projects\Test CICD\actions-runner
[2025-08-13 09:24:22Z INFO HostContext] Well known directory 'Bin': 'E:\Ostad\Projects\Test CICD\actions-runner\bin'
[2025-08-13 09:24:22Z INFO HostContext] Well known directory 'Root': 'E:\Ostad\Projects\Test CICD\actions-runner'
[2025-08-13 09:24:22Z INFO HostContext] Well known config file 'Runner': 'E:\Ostad\Projects\Test CICD\actions-runner\.runner'
[2025-08-13 09:24:22Z INFO ConfigurationStore] ConfigFilePath: E:\Ostad\Projects\Test CICD\actions-runner\.runner
[2025-08-13 09:24:22Z INFO HostContext] Well known directory 'Bin': 'E:\Ostad\Projects\Test CICD\actions-runner\bin'
[2025-08-13 09:24:22Z INFO HostContext] Well known directory 'Root': 'E:\Ostad\Projects\Test CICD\actions-runner'
[2025-08-13 09:24:22Z INFO HostContext] Well known config file 'MigratedRunner': 'E:\Ostad\Projects\Test CICD\actions-runner\.runner_migrated'
[2025-08-13 09:24:22Z INFO ConfigurationStore] MigratedConfigFilePath: E:\Ostad\Projects\Test CICD\actions-runner\.runner_migrated
[2025-08-13 09:24:22Z INFO HostContext] Well known directory 'Bin': 'E:\Ostad\Projects\Test CICD\actions-runner\bin'
[2025-08-13 09:24:22Z INFO HostContext] Well known directory 'Root': 'E:\Ostad\Projects\Test CICD\actions-runner'
[2025-08-13 09:24:22Z INFO HostContext] Well known config file 'Credentials': 'E:\Ostad\Projects\Test CICD\actions-runner\.credentials'
[2025-08-13 09:24:22Z INFO ConfigurationStore] CredFilePath: E:\Ostad\Projects\Test CICD\actions-runner\.credentials
[2025-08-13 09:24:22Z INFO HostContext] Well known directory 'Bin': 'E:\Ostad\Projects\Test CICD\actions-runner\bin'
[2025-08-13 09:24:22Z INFO HostContext] Well known directory 'Root': 'E:\Ostad\Projects\Test CICD\actions-runner'
[2025-08-13 09:24:22Z INFO HostContext] Well known config file 'MigratedCredentials': 'E:\Ostad\Projects\Test CICD\actions-runner\.credentials_migrated'
[2025-08-13 09:24:22Z INFO ConfigurationStore] MigratedCredFilePath: E:\Ostad\Projects\Test CICD\actions-runner\.credentials_migrated
[2025-08-13 09:24:22Z INFO HostContext] Well known directory 'Bin': 'E:\Ostad\Projects\Test CICD\actions-runner\bin'
[2025-08-13 09:24:22Z INFO HostContext] Well known directory 'Root': 'E:\Ostad\Projects\Test CICD\actions-runner'
[2025-08-13 09:24:22Z INFO HostContext] Well known config file 'Service': 'E:\Ostad\Projects\Test CICD\actions-runner\.service'
[2025-08-13 09:24:22Z INFO ConfigurationStore] ServiceConfigFilePath: E:\Ostad\Projects\Test CICD\actions-runner\.service
[2025-08-13 09:24:22Z INFO CommandSettings] Flag 'help': 'False'
[2025-08-13 09:24:22Z INFO CommandSettings] Flag 'version': 'False'
[2025-08-13 09:24:22Z INFO CommandSettings] Flag 'commit': 'False'
[2025-08-13 09:24:22Z INFO CommandSettings] Flag 'check': 'False'
[2025-08-13 09:24:22Z INFO CommandSettings] Command 'configure': 'True'
[2025-08-13 09:24:22Z INFO Terminal] WRITE LINE: 
[2025-08-13 09:24:22Z INFO Terminal] WRITE LINE: --------------------------------------------------------------------------------
[2025-08-13 09:24:22Z INFO Terminal] WRITE LINE: |        ____ _ _   _   _       _          _        _   _                      |
[2025-08-13 09:24:22Z INFO Terminal] WRITE LINE: |       / ___(_) |_| | | |_   _| |__      / \   ___| |_(_) ___  _ __  ___      |
[2025-08-13 09:24:22Z INFO Terminal] WRITE LINE: |      | |  _| | __| |_| | | | | '_ \    / _ \ / __| __| |/ _ \| '_ \/ __|     |
[2025-08-13 09:24:22Z INFO Terminal] WRITE LINE: |      | |_| | | |_|  _  | |_| | |_) |  / ___ \ (__| |_| | (_) | | | \__ \     |
[2025-08-13 09:24:22Z INFO Terminal] WRITE LINE: |       \____|_|\__|_| |_|\__,_|_.__/  /_/   \_\___|\__|_|\___/|_| |_|___/     |
[2025-08-13 09:24:22Z INFO Terminal] WRITE LINE: |                                                                              |
[2025-08-13 09:24:22Z INFO Terminal] WRITE: |                       
[2025-08-13 09:24:22Z INFO Terminal] WRITE: Self-hosted runner registration
[2025-08-13 09:24:22Z INFO Terminal] WRITE LINE:                         |
[2025-08-13 09:24:22Z INFO Terminal] WRITE LINE: |                                                                              |
[2025-08-13 09:24:22Z INFO Terminal] WRITE LINE: --------------------------------------------------------------------------------
[2025-08-13 09:24:22Z INFO ConfigurationManager] ConfigureAsync
[2025-08-13 09:24:22Z INFO CommandSettings] Flag 'generateServiceConfig': 'False'
[2025-08-13 09:24:22Z INFO ConfigurationStore] IsConfigured()
[2025-08-13 09:24:22Z INFO ConfigurationStore] IsConfigured: False
[2025-08-13 09:24:22Z INFO ConfigurationManager] Is configured: False
[2025-08-13 09:24:22Z INFO CommandSettings] Arg 'url': 'https://github.com/akterfaruq/Test_CICD'
[2025-08-13 09:24:22Z INFO CommandSettings] Remove url from Arg dictionary.
[2025-08-13 09:24:22Z INFO CommandSettings] Arg 'token': '***'
[2025-08-13 09:24:22Z INFO CommandSettings] Remove token from Arg dictionary.
[2025-08-13 09:24:33Z ERR  ConfigurationManager] Failed to get tenant credentials -- Attempt: 1
[2025-08-13 09:24:33Z ERR  ConfigurationManager] System.Net.Http.HttpRequestException: No such host is known. (api.github.com:443)
 ---> System.Net.Sockets.SocketException (11001): No such host is known.
   at System.Net.Sockets.Socket.AwaitableSocketAsyncEventArgs.ThrowException(SocketError error, CancellationToken cancellationToken)
   at System.Net.Sockets.Socket.AwaitableSocketAsyncEventArgs.System.Threading.Tasks.Sources.IValueTaskSource.GetResult(Int16 token)
   at System.Net.Sockets.Socket.<ConnectAsync>g__WaitForConnectWithCancellation|285_0(AwaitableSocketAsyncEventArgs saea, ValueTask connectTask, CancellationToken cancellationToken)
   at System.Net.Http.HttpConnectionPool.ConnectToTcpHostAsync(String host, Int32 port, HttpRequestMessage initialRequest, Boolean async, CancellationToken cancellationToken)
   --- End of inner exception stack trace ---
   at System.Net.Http.HttpConnectionPool.ConnectToTcpHostAsync(String host, Int32 port, HttpRequestMessage initialRequest, Boolean async, CancellationToken cancellationToken)
   at System.Net.Http.HttpConnectionPool.ConnectAsync(HttpRequestMessage request, Boolean async, CancellationToken cancellationToken)
   at System.Net.Http.HttpConnectionPool.CreateHttp11ConnectionAsync(HttpRequestMessage request, Boolean async, CancellationToken cancellationToken)
   at System.Net.Http.HttpConnectionPool.AddHttp11ConnectionAsync(QueueItem queueItem)
   at System.Threading.Tasks.TaskCompletionSourceWithCancellation`1.WaitWithCancellationAsync(CancellationToken cancellationToken)
   at System.Net.Http.HttpConnectionPool.SendWithVersionDetectionAndRetryAsync(HttpRequestMessage request, Boolean async, Boolean doRequestAuth, CancellationToken cancellationToken)
   at System.Net.Http.RedirectHandler.SendAsync(HttpRequestMessage request, Boolean async, CancellationToken cancellationToken)
   at System.Net.Http.HttpClient.<SendAsync>g__Core|83_0(HttpRequestMessage request, HttpCompletionOption completionOption, CancellationTokenSource cts, Boolean disposeCts, CancellationTokenSource pendingRequestsCts, CancellationToken originalCancellationToken)
   at GitHub.Runner.Listener.Configuration.ConfigurationManager.GetTenantCredential(String githubUrl, String githubToken, String runnerEvent)
[2025-08-13 09:24:33Z ERR  ConfigurationManager] #####################################################
[2025-08-13 09:24:33Z ERR  ConfigurationManager] System.Net.Sockets.SocketException (11001): No such host is known.
   at System.Net.Sockets.Socket.AwaitableSocketAsyncEventArgs.ThrowException(SocketError error, CancellationToken cancellationToken)
   at System.Net.Sockets.Socket.AwaitableSocketAsyncEventArgs.System.Threading.Tasks.Sources.IValueTaskSource.GetResult(Int16 token)
   at System.Net.Sockets.Socket.<ConnectAsync>g__WaitForConnectWithCancellation|285_0(AwaitableSocketAsyncEventArgs saea, ValueTask connectTask, CancellationToken cancellationToken)
   at System.Net.Http.HttpConnectionPool.ConnectToTcpHostAsync(String host, Int32 port, HttpRequestMessage initialRequest, Boolean async, CancellationToken cancellationToken)
[2025-08-13 09:24:33Z INFO ConfigurationManager] Retrying in 3 seconds
[2025-08-13 09:24:47Z ERR  ConfigurationManager] Failed to get tenant credentials -- Attempt: 2
[2025-08-13 09:24:47Z ERR  ConfigurationManager] System.Net.Http.HttpRequestException: No such host is known. (api.github.com:443)
 ---> System.Net.Sockets.SocketException (11001): No such host is known.
   at System.Net.Sockets.Socket.AwaitableSocketAsyncEventArgs.ThrowException(SocketError error, CancellationToken cancellationToken)
   at System.Net.Sockets.Socket.AwaitableSocketAsyncEventArgs.System.Threading.Tasks.Sources.IValueTaskSource.GetResult(Int16 token)
   at System.Net.Sockets.Socket.<ConnectAsync>g__WaitForConnectWithCancellation|285_0(AwaitableSocketAsyncEventArgs saea, ValueTask connectTask, CancellationToken cancellationToken)
   at System.Net.Http.HttpConnectionPool.ConnectToTcpHostAsync(String host, Int32 port, HttpRequestMessage initialRequest, Boolean async, CancellationToken cancellationToken)
   --- End of inner exception stack trace ---
   at System.Net.Http.HttpConnectionPool.ConnectToTcpHostAsync(String host, Int32 port, HttpRequestMessage initialRequest, Boolean async, CancellationToken cancellationToken)
   at System.Net.Http.HttpConnectionPool.ConnectAsync(HttpRequestMessage request, Boolean async, CancellationToken cancellationToken)
   at System.Net.Http.HttpConnectionPool.CreateHttp11ConnectionAsync(HttpRequestMessage request, Boolean async, CancellationToken cancellationToken)
   at System.Net.Http.HttpConnectionPool.AddHttp11ConnectionAsync(QueueItem queueItem)
   at System.Threading.Tasks.TaskCompletionSourceWithCancellation`1.WaitWithCancellationAsync(CancellationToken cancellationToken)
   at System.Net.Http.HttpConnectionPool.SendWithVersionDetectionAndRetryAsync(HttpRequestMessage request, Boolean async, Boolean doRequestAuth, CancellationToken cancellationToken)
   at System.Net.Http.RedirectHandler.SendAsync(HttpRequestMessage request, Boolean async, CancellationToken cancellationToken)
   at System.Net.Http.HttpClient.<SendAsync>g__Core|83_0(HttpRequestMessage request, HttpCompletionOption completionOption, CancellationTokenSource cts, Boolean disposeCts, CancellationTokenSource pendingRequestsCts, CancellationToken originalCancellationToken)
   at GitHub.Runner.Listener.Configuration.ConfigurationManager.GetTenantCredential(String githubUrl, String githubToken, String runnerEvent)
[2025-08-13 09:24:47Z ERR  ConfigurationManager] #####################################################
[2025-08-13 09:24:47Z ERR  ConfigurationManager] System.Net.Sockets.SocketException (11001): No such host is known.
   at System.Net.Sockets.Socket.AwaitableSocketAsyncEventArgs.ThrowException(SocketError error, CancellationToken cancellationToken)
   at System.Net.Sockets.Socket.AwaitableSocketAsyncEventArgs.System.Threading.Tasks.Sources.IValueTaskSource.GetResult(Int16 token)
   at System.Net.Sockets.Socket.<ConnectAsync>g__WaitForConnectWithCancellation|285_0(AwaitableSocketAsyncEventArgs saea, ValueTask connectTask, CancellationToken cancellationToken)
   at System.Net.Http.HttpConnectionPool.ConnectToTcpHostAsync(String host, Int32 port, HttpRequestMessage initialRequest, Boolean async, CancellationToken cancellationToken)
[2025-08-13 09:24:47Z INFO ConfigurationManager] Retrying in 2 seconds
[2025-08-13 09:24:59Z ERR  Runner] System.Net.Http.HttpRequestException: No such host is known. (api.github.com:443)
 ---> System.Net.Sockets.SocketException (11001): No such host is known.
   at System.Net.Sockets.Socket.AwaitableSocketAsyncEventArgs.ThrowException(SocketError error, CancellationToken cancellationToken)
   at System.Net.Sockets.Socket.AwaitableSocketAsyncEventArgs.System.Threading.Tasks.Sources.IValueTaskSource.GetResult(Int16 token)
   at System.Net.Sockets.Socket.<ConnectAsync>g__WaitForConnectWithCancellation|285_0(AwaitableSocketAsyncEventArgs saea, ValueTask connectTask, CancellationToken cancellationToken)
   at System.Net.Http.HttpConnectionPool.ConnectToTcpHostAsync(String host, Int32 port, HttpRequestMessage initialRequest, Boolean async, CancellationToken cancellationToken)
   --- End of inner exception stack trace ---
   at System.Net.Http.HttpConnectionPool.ConnectToTcpHostAsync(String host, Int32 port, HttpRequestMessage initialRequest, Boolean async, CancellationToken cancellationToken)
   at System.Net.Http.HttpConnectionPool.ConnectAsync(HttpRequestMessage request, Boolean async, CancellationToken cancellationToken)
   at System.Net.Http.HttpConnectionPool.CreateHttp11ConnectionAsync(HttpRequestMessage request, Boolean async, CancellationToken cancellationToken)
   at System.Net.Http.HttpConnectionPool.AddHttp11ConnectionAsync(QueueItem queueItem)
   at System.Threading.Tasks.TaskCompletionSourceWithCancellation`1.WaitWithCancellationAsync(CancellationToken cancellationToken)
   at System.Net.Http.HttpConnectionPool.SendWithVersionDetectionAndRetryAsync(HttpRequestMessage request, Boolean async, Boolean doRequestAuth, CancellationToken cancellationToken)
   at System.Net.Http.RedirectHandler.SendAsync(HttpRequestMessage request, Boolean async, CancellationToken cancellationToken)
   at System.Net.Http.HttpClient.<SendAsync>g__Core|83_0(HttpRequestMessage request, HttpCompletionOption completionOption, CancellationTokenSource cts, Boolean disposeCts, CancellationTokenSource pendingRequestsCts, CancellationToken originalCancellationToken)
   at GitHub.Runner.Listener.Configuration.ConfigurationManager.GetTenantCredential(String githubUrl, String githubToken, String runnerEvent)
   at GitHub.Runner.Listener.Configuration.ConfigurationManager.ConfigureAsync(CommandSettings command)
   at GitHub.Runner.Listener.Runner.ExecuteCommand(CommandSettings command)
[2025-08-13 09:24:59Z ERR  Runner] #####################################################
[2025-08-13 09:24:59Z ERR  Runner] System.Net.Sockets.SocketException (11001): No such host is known.
   at System.Net.Sockets.Socket.AwaitableSocketAsyncEventArgs.ThrowException(SocketError error, CancellationToken cancellationToken)
   at System.Net.Sockets.Socket.AwaitableSocketAsyncEventArgs.System.Threading.Tasks.Sources.IValueTaskSource.GetResult(Int16 token)
   at System.Net.Sockets.Socket.<ConnectAsync>g__WaitForConnectWithCancellation|285_0(AwaitableSocketAsyncEventArgs saea, ValueTask connectTask, CancellationToken cancellationToken)
   at System.Net.Http.HttpConnectionPool.ConnectToTcpHostAsync(String host, Int32 port, HttpRequestMessage initialRequest, Boolean async, CancellationToken cancellationToken)
[2025-08-13 09:24:59Z ERR  Terminal] WRITE ERROR: No such host is known. (api.github.com:443)
[2025-08-13 09:24:59Z INFO Listener] Runner execution has finished with return code 1
